  Omok.c
C:\Users\tiger\Desktop\프로젝트\C\OmokGame\OMOK\OMOK\Omok.c(21,23): warning C4013: 'whithThreecheck'이(가) 정의되지 않았습니다. extern은 int형을 반환하는 것으로 간주합니다.
C:\Users\tiger\Desktop\프로젝트\C\OmokGame\OMOK\OMOK\Omok.c(49,24): warning C4013: 'HeightThreecheck'이(가) 정의되지 않았습니다. extern은 int형을 반환하는 것으로 간주합니다.
C:\Users\tiger\Desktop\프로젝트\C\OmokGame\OMOK\OMOK\Omok.c(77,27): warning C4013: 'diagonalThreecheck1'이(가) 정의되지 않았습니다. extern은 int형을 반환하는 것으로 간주합니다.
C:\Users\tiger\Desktop\프로젝트\C\OmokGame\OMOK\OMOK\Omok.c(105,27): warning C4013: 'diagonalThreecheck2'이(가) 정의되지 않았습니다. extern은 int형을 반환하는 것으로 간주합니다.
C:\Users\tiger\Desktop\프로젝트\C\OmokGame\OMOK\OMOK\Omok.c(647,16): warning C4013: 'Matchplay2'이(가) 정의되지 않았습니다. extern은 int형을 반환하는 것으로 간주합니다.
C:\Users\tiger\Desktop\프로젝트\C\OmokGame\OMOK\OMOK\Omok.c(804,39): warning C4047: '=': 'DWORD'의 간접 참조 수준이 'HANDLE'과(와) 다릅니다.
C:\Users\tiger\Desktop\프로젝트\C\OmokGame\OMOK\OMOK\Omok.c(805,18): warning C4022: 'GetConsoleMode': 실제 매개 변수 1의 포인터가 일치하지 않습니다.
C:\Users\tiger\Desktop\프로젝트\C\OmokGame\OMOK\OMOK\Omok.c(806,18): warning C4022: 'SetConsoleMode': 실제 매개 변수 1의 포인터가 일치하지 않습니다.
C:\Users\tiger\Desktop\프로젝트\C\OmokGame\OMOK\OMOK\Omok.c(788,6): warning C4101: 'event' :참조되지 않은 지역 변수입니다.
C:\Users\tiger\Desktop\프로젝트\C\OmokGame\OMOK\OMOK\Omok.c(70): warning C4715: 'HeightCheck': 모든 제어 경로에서 값을 반환하지는 않습니다.
C:\Users\tiger\Desktop\프로젝트\C\OmokGame\OMOK\OMOK\Omok.c(98): warning C4715: 'diagonalCheck1': 모든 제어 경로에서 값을 반환하지는 않습니다.
C:\Users\tiger\Desktop\프로젝트\C\OmokGame\OMOK\OMOK\Omok.c(126): warning C4715: 'diagonalCheck2': 모든 제어 경로에서 값을 반환하지는 않습니다.
C:\Users\tiger\Desktop\프로젝트\C\OmokGame\OMOK\OMOK\Omok.c(209): warning C4715: 'HeightThreecheck': 모든 제어 경로에서 값을 반환하지는 않습니다.
C:\Users\tiger\Desktop\프로젝트\C\OmokGame\OMOK\OMOK\Omok.c(168): warning C4715: 'whithThreecheck': 모든 제어 경로에서 값을 반환하지는 않습니다.
C:\Users\tiger\Desktop\프로젝트\C\OmokGame\OMOK\OMOK\Omok.c(359): warning C4715: 'whithCheckCase2': 모든 제어 경로에서 값을 반환하지는 않습니다.
C:\Users\tiger\Desktop\프로젝트\C\OmokGame\OMOK\OMOK\Omok.c(291): warning C4715: 'diagonalThreecheck2': 모든 제어 경로에서 값을 반환하지는 않습니다.
C:\Users\tiger\Desktop\프로젝트\C\OmokGame\OMOK\OMOK\Omok.c(424): warning C4715: 'HeightCheckCase2': 모든 제어 경로에서 값을 반환하지는 않습니다.
C:\Users\tiger\Desktop\프로젝트\C\OmokGame\OMOK\OMOK\Omok.c(488): warning C4715: 'diagonalCheckCase12': 모든 제어 경로에서 값을 반환하지는 않습니다.
C:\Users\tiger\Desktop\프로젝트\C\OmokGame\OMOK\OMOK\Omok.c(552): warning C4715: 'diagonalCheckCase22': 모든 제어 경로에서 값을 반환하지는 않습니다.
C:\Users\tiger\Desktop\프로젝트\C\OmokGame\OMOK\OMOK\Omok.c(695): warning C4715: 'Matchplay1': 모든 제어 경로에서 값을 반환하지는 않습니다.
C:\Users\tiger\Desktop\프로젝트\C\OmokGame\OMOK\OMOK\Omok.c(731): warning C4715: 'Matchplay2': 모든 제어 경로에서 값을 반환하지는 않습니다.
C:\Users\tiger\Desktop\프로젝트\C\OmokGame\OMOK\OMOK\Omok.c(42): warning C4715: 'whithCheck': 모든 제어 경로에서 값을 반환하지는 않습니다.
C:\Users\tiger\Desktop\프로젝트\C\OmokGame\OMOK\OMOK\Omok.c(250): warning C4715: 'diagonalThreecheck1': 모든 제어 경로에서 값을 반환하지는 않습니다.
  OMOK.vcxproj -> C:\Users\tiger\Desktop\프로젝트\C\OmokGame\OMOK\Debug\OMOK.exe
