  Omok.c
C:\Users\tiger\Desktop\프로젝트\C\OmokGame\OMOK\OMOK\Omok.c(22,24): warning C4013: 'whithThreecheck'이(가) 정의되지 않았습니다. extern은 int형을 반환하는 것으로 간주합니다.
C:\Users\tiger\Desktop\프로젝트\C\OmokGame\OMOK\OMOK\Omok.c(53,25): warning C4013: 'HeightThreecheck'이(가) 정의되지 않았습니다. extern은 int형을 반환하는 것으로 간주합니다.
C:\Users\tiger\Desktop\프로젝트\C\OmokGame\OMOK\OMOK\Omok.c(87,28): warning C4013: 'diagonalThreecheck1'이(가) 정의되지 않았습니다. extern은 int형을 반환하는 것으로 간주합니다.
C:\Users\tiger\Desktop\프로젝트\C\OmokGame\OMOK\OMOK\Omok.c(121,28): warning C4013: 'diagonalThreecheck2'이(가) 정의되지 않았습니다. extern은 int형을 반환하는 것으로 간주합니다.
C:\Users\tiger\Desktop\프로젝트\C\OmokGame\OMOK\OMOK\Omok.c(656,16): warning C4013: 'Matchplay2'이(가) 정의되지 않았습니다. extern은 int형을 반환하는 것으로 간주합니다.
C:\Users\tiger\Desktop\프로젝트\C\OmokGame\OMOK\OMOK\Omok.c(818,39): warning C4047: '=': 'DWORD'의 간접 참조 수준이 'HANDLE'과(와) 다릅니다.
C:\Users\tiger\Desktop\프로젝트\C\OmokGame\OMOK\OMOK\Omok.c(819,18): warning C4022: 'GetConsoleMode': 실제 매개 변수 1의 포인터가 일치하지 않습니다.
C:\Users\tiger\Desktop\프로젝트\C\OmokGame\OMOK\OMOK\Omok.c(820,18): warning C4022: 'SetConsoleMode': 실제 매개 변수 1의 포인터가 일치하지 않습니다.
C:\Users\tiger\Desktop\프로젝트\C\OmokGame\OMOK\OMOK\Omok.c(801,6): warning C4101: 'event' :참조되지 않은 지역 변수입니다.
  코드를 생성하고 있습니다.
  Previous IPDB not found, fall back to full compilation.
C:\Users\tiger\Desktop\프로젝트\C\OmokGame\OMOK\OMOK\Omok.c(744): warning C4715: 'Matchplay2': 모든 제어 경로에서 값을 반환하지는 않습니다.
C:\Users\tiger\Desktop\프로젝트\C\OmokGame\OMOK\OMOK\Omok.c(708): warning C4715: 'Matchplay1': 모든 제어 경로에서 값을 반환하지는 않습니다.
C:\Users\tiger\Desktop\프로젝트\C\OmokGame\OMOK\OMOK\Omok.c(329): warning C4715: 'diagonalThreecheck2': 모든 제어 경로에서 값을 반환하지는 않습니다.
C:\Users\tiger\Desktop\프로젝트\C\OmokGame\OMOK\OMOK\Omok.c(288): warning C4715: 'diagonalThreecheck1': 모든 제어 경로에서 값을 반환하지는 않습니다.
C:\Users\tiger\Desktop\프로젝트\C\OmokGame\OMOK\OMOK\Omok.c(247): warning C4715: 'HeightThreecheck': 모든 제어 경로에서 값을 반환하지는 않습니다.
C:\Users\tiger\Desktop\프로젝트\C\OmokGame\OMOK\OMOK\Omok.c(196): warning C4715: 'whithThreecheck': 모든 제어 경로에서 값을 반환하지는 않습니다.
C:\Users\tiger\Desktop\프로젝트\C\OmokGame\OMOK\OMOK\Omok.c(147): warning C4715: 'diagonalCheck2': 모든 제어 경로에서 값을 반환하지는 않습니다.
C:\Users\tiger\Desktop\프로젝트\C\OmokGame\OMOK\OMOK\Omok.c(113): warning C4715: 'diagonalCheck1': 모든 제어 경로에서 값을 반환하지는 않습니다.
C:\Users\tiger\Desktop\프로젝트\C\OmokGame\OMOK\OMOK\Omok.c(79): warning C4715: 'HeightCheck': 모든 제어 경로에서 값을 반환하지는 않습니다.
C:\Users\tiger\Desktop\프로젝트\C\OmokGame\OMOK\OMOK\Omok.c(45): warning C4715: 'whithCheck': 모든 제어 경로에서 값을 반환하지는 않습니다.
C:\Users\tiger\Desktop\프로젝트\C\OmokGame\OMOK\OMOK\Omok.c(590): warning C4715: 'diagonalCheckCase22': 모든 제어 경로에서 값을 반환하지는 않습니다.
C:\Users\tiger\Desktop\프로젝트\C\OmokGame\OMOK\OMOK\Omok.c(526): warning C4715: 'diagonalCheckCase12': 모든 제어 경로에서 값을 반환하지는 않습니다.
C:\Users\tiger\Desktop\프로젝트\C\OmokGame\OMOK\OMOK\Omok.c(462): warning C4715: 'HeightCheckCase2': 모든 제어 경로에서 값을 반환하지는 않습니다.
C:\Users\tiger\Desktop\프로젝트\C\OmokGame\OMOK\OMOK\Omok.c(397): warning C4715: 'whithCheckCase2': 모든 제어 경로에서 값을 반환하지는 않습니다.
C:\Users\tiger\Desktop\프로젝트\C\OmokGame\OMOK\OMOK\Omok.c(642): warning C4715: 'Playchoice1': 모든 제어 경로에서 값을 반환하지는 않습니다.
  All 28 functions were compiled because no usable IPDB/IOBJ from previous compilation was found.
  코드를 생성했습니다.
  OMOK.vcxproj -> C:\Users\tiger\Desktop\프로젝트\C\OmokGame\OMOK\Release\OMOK.exe
